<?xml version="1.0" encoding="UTF-8"?>
<testng-results total="0" passed="0" failed="0" skipped="0">
  <reporter-output>
  </reporter-output>
  <suite started-at="2018-07-05T04:07:00Z" name="Command line suite" finished-at="2018-07-05T04:07:00Z" duration-ms="2">
    <groups>
    </groups>
    <test started-at="2018-07-05T04:07:00Z" name="Command line test" finished-at="2018-07-05T04:07:00Z" duration-ms="2">
    </test> <!-- Command line test -->
  </suite> <!-- Command line suite -->
</testng-results>
